  figures.c
c:\users\2012\desktop\пора сдать лабы\lab 2 c\lr2\figures.c(107): warning C4305: функция: усечение из "double" в "float"
c:\users\2012\desktop\пора сдать лабы\lab 2 c\lr2\figures.c(109): warning C4305: функция: усечение из "double" в "float"
c:\users\2012\desktop\пора сдать лабы\lab 2 c\lr2\figures.c(112): warning C4305: функция: усечение из "double" в "float"
c:\users\2012\desktop\пора сдать лабы\lab 2 c\lr2\figures.c(113): warning C4305: функция: усечение из "double" в "float"
c:\users\2012\desktop\пора сдать лабы\lab 2 c\lr2\figures.c(114): warning C4305: функция: усечение из "double" в "float"
c:\users\2012\desktop\пора сдать лабы\lab 2 c\lr2\figures.c(115): warning C4305: функция: усечение из "double" в "float"
c:\users\2012\desktop\пора сдать лабы\lab 2 c\lr2\figures.c(116): warning C4305: функция: усечение из "double" в "float"
c:\users\2012\desktop\пора сдать лабы\lab 2 c\lr2\figures.c(117): warning C4305: функция: усечение из "double" в "float"
c:\users\2012\desktop\пора сдать лабы\lab 2 c\lr2\figures.c(118): warning C4305: функция: усечение из "double" в "float"
c:\users\2012\desktop\пора сдать лабы\lab 2 c\lr2\figures.c(119): warning C4305: функция: усечение из "double" в "float"
c:\users\2012\desktop\пора сдать лабы\lab 2 c\lr2\figures.c(122): warning C4305: функция: усечение из "double" в "float"
c:\users\2012\desktop\пора сдать лабы\lab 2 c\lr2\figures.c(123): warning C4305: функция: усечение из "double" в "float"
c:\users\2012\desktop\пора сдать лабы\lab 2 c\lr2\figures.c(124): warning C4305: функция: усечение из "double" в "float"
c:\users\2012\desktop\пора сдать лабы\lab 2 c\lr2\figures.c(125): warning C4305: функция: усечение из "double" в "float"
c:\users\2012\desktop\пора сдать лабы\lab 2 c\lr2\figures.c(130): warning C4305: функция: усечение из "double" в "float"
c:\users\2012\desktop\пора сдать лабы\lab 2 c\lr2\figures.c(131): warning C4305: функция: усечение из "double" в "float"
c:\users\2012\desktop\пора сдать лабы\lab 2 c\lr2\figures.c(132): warning C4305: функция: усечение из "double" в "float"
c:\users\2012\desktop\пора сдать лабы\lab 2 c\lr2\figures.c(133): warning C4305: функция: усечение из "double" в "float"
c:\users\2012\desktop\пора сдать лабы\lab 2 c\lr2\figures.c(134): warning C4305: функция: усечение из "double" в "float"
c:\users\2012\desktop\пора сдать лабы\lab 2 c\lr2\figures.c(135): warning C4305: функция: усечение из "double" в "float"
c:\users\2012\desktop\пора сдать лабы\lab 2 c\lr2\figures.c(136): warning C4305: функция: усечение из "double" в "float"
c:\users\2012\desktop\пора сдать лабы\lab 2 c\lr2\figures.c(137): warning C4305: функция: усечение из "double" в "float"
c:\users\2012\desktop\пора сдать лабы\lab 2 c\lr2\figures.c(138): warning C4305: функция: усечение из "double" в "float"
c:\users\2012\desktop\пора сдать лабы\lab 2 c\lr2\figures.c(139): warning C4305: функция: усечение из "double" в "float"
c:\users\2012\desktop\пора сдать лабы\lab 2 c\lr2\figures.c(140): warning C4305: функция: усечение из "double" в "float"
c:\users\2012\desktop\пора сдать лабы\lab 2 c\lr2\figures.c(141): warning C4305: функция: усечение из "double" в "float"
c:\users\2012\desktop\пора сдать лабы\lab 2 c\lr2\figures.c(142): warning C4305: функция: усечение из "double" в "float"
c:\users\2012\desktop\пора сдать лабы\lab 2 c\lr2\figures.c(143): warning C4305: функция: усечение из "double" в "float"
c:\users\2012\desktop\пора сдать лабы\lab 2 c\lr2\figures.c(144): warning C4305: функция: усечение из "double" в "float"
c:\users\2012\desktop\пора сдать лабы\lab 2 c\lr2\figures.c(145): warning C4305: функция: усечение из "double" в "float"
c:\users\2012\desktop\пора сдать лабы\lab 2 c\lr2\figures.c(146): warning C4305: функция: усечение из "double" в "float"
c:\users\2012\desktop\пора сдать лабы\lab 2 c\lr2\figures.c(147): warning C4305: функция: усечение из "double" в "float"
c:\users\2012\desktop\пора сдать лабы\lab 2 c\lr2\figures.c(148): warning C4305: функция: усечение из "double" в "float"
c:\users\2012\desktop\пора сдать лабы\lab 2 c\lr2\figures.c(149): warning C4305: функция: усечение из "double" в "float"
c:\users\2012\desktop\пора сдать лабы\lab 2 c\lr2\figures.c(152): warning C4305: функция: усечение из "double" в "float"
c:\users\2012\desktop\пора сдать лабы\lab 2 c\lr2\figures.c(153): warning C4305: функция: усечение из "double" в "float"
c:\users\2012\desktop\пора сдать лабы\lab 2 c\lr2\figures.c(154): warning C4305: функция: усечение из "double" в "float"
c:\users\2012\desktop\пора сдать лабы\lab 2 c\lr2\figures.c(155): warning C4305: функция: усечение из "double" в "float"
c:\users\2012\desktop\пора сдать лабы\lab 2 c\lr2\figures.c(156): warning C4305: функция: усечение из "double" в "float"
c:\users\2012\desktop\пора сдать лабы\lab 2 c\lr2\figures.c(157): warning C4305: функция: усечение из "double" в "float"
c:\users\2012\desktop\пора сдать лабы\lab 2 c\lr2\figures.c(158): warning C4305: функция: усечение из "double" в "float"
c:\users\2012\desktop\пора сдать лабы\lab 2 c\lr2\figures.c(159): warning C4305: функция: усечение из "double" в "float"
c:\users\2012\desktop\пора сдать лабы\lab 2 c\lr2\figures.c(160): warning C4305: функция: усечение из "double" в "float"
c:\users\2012\desktop\пора сдать лабы\lab 2 c\lr2\figures.c(161): warning C4305: функция: усечение из "double" в "float"
c:\users\2012\desktop\пора сдать лабы\lab 2 c\lr2\figures.c(162): warning C4305: функция: усечение из "double" в "float"
c:\users\2012\desktop\пора сдать лабы\lab 2 c\lr2\figures.c(163): warning C4305: функция: усечение из "double" в "float"
  main.c
c:\users\2012\desktop\пора сдать лабы\lab 2 c\lr2\main.c(12): warning C4244: =: преобразование "double" в "float", возможна потеря данных
c:\users\2012\desktop\пора сдать лабы\lab 2 c\lr2\main.c(13): warning C4244: return: преобразование "double" в "float", возможна потеря данных
c:\users\2012\desktop\пора сдать лабы\lab 2 c\lr2\main.c(95): warning C4047: инициализация: "HWND" отличается по уровням косвенного обращения от "LPARAM"
c:\users\2012\desktop\пора сдать лабы\lab 2 c\lr2\main.c(103): warning C4047: инициализация: "HINSTANCE" отличается по уровням косвенного обращения от "LONG_PTR"
c:\users\2012\desktop\пора сдать лабы\lab 2 c\lr2\main.c(210): warning C4244: инициализация: преобразование "LONG_PTR" в "LONG", возможна потеря данных
c:\users\2012\desktop\пора сдать лабы\lab 2 c\lr2\main.c(236): warning C4028: формальный параметр 1 отличается от объявления
c:\users\2012\desktop\пора сдать лабы\lab 2 c\lr2\main.c(248): warning C4090: функция: разные квалификаторы "const"
  vec3.c
c:\users\2012\desktop\пора сдать лабы\lab 2 c\lr2\vec3.c(35): warning C4244: инициализация: преобразование "double" в "float", возможна потеря данных
  windraw.c
c:\users\2012\desktop\пора сдать лабы\lab 2 c\lr2\windraw.c(34): warning C4244: =: преобразование "float" в "LONG", возможна потеря данных
c:\users\2012\desktop\пора сдать лабы\lab 2 c\lr2\windraw.c(35): warning C4244: =: преобразование "float" в "LONG", возможна потеря данных
c:\users\2012\desktop\пора сдать лабы\lab 2 c\lr2\windraw.c(73): warning C4047: функция: "LONG_PTR" отличается по уровням косвенного обращения от "LPVOID"
c:\users\2012\desktop\пора сдать лабы\lab 2 c\lr2\windraw.c(73): warning C4024: SetWindowLongPtrW: различные типы для формального и фактического параметров 3
c:\users\2012\desktop\пора сдать лабы\lab 2 c\lr2\windraw.c(77): warning C4047: функция: "int" отличается по уровням косвенного обращения от "void *"
c:\users\2012\desktop\пора сдать лабы\lab 2 c\lr2\windraw.c(77): warning C4024: SetWindowPos: различные типы для формального и фактического параметров 3
c:\users\2012\desktop\пора сдать лабы\lab 2 c\lr2\windraw.c(77): warning C4024: SetWindowPos: различные типы для формального и фактического параметров 4
c:\users\2012\desktop\пора сдать лабы\lab 2 c\lr2\windraw.c(91): warning C4047: return: "LRESULT" отличается по уровням косвенного обращения от "void *"
c:\users\2012\desktop\пора сдать лабы\lab 2 c\lr2\windraw.c(102): warning C4047: функция: "LONG_PTR" отличается по уровням косвенного обращения от "void *"
c:\users\2012\desktop\пора сдать лабы\lab 2 c\lr2\windraw.c(102): warning C4024: SetWindowLongPtrW: различные типы для формального и фактического параметров 3
c:\users\2012\desktop\пора сдать лабы\lab 2 c\lr2\windraw.c(67): warning C4047: инициализация: "window_data *" отличается по уровням косвенного обращения от "LONG_PTR"
c:\users\2012\desktop\пора сдать лабы\lab 2 c\lr2\windraw.c(69): warning C4047: инициализация: "LPCREATESTRUCT" отличается по уровням косвенного обращения от "LPARAM"
c:\users\2012\desktop\пора сдать лабы\lab 2 c\lr2\windraw.c(109): warning C4047: инициализация: "HWND" отличается по уровням косвенного обращения от "LPARAM"
c:\users\2012\desktop\пора сдать лабы\lab 2 c\lr2\windraw.c(130): warning C4047: =: "HBRUSH" отличается по уровням косвенного обращения от "int"
c:\users\2012\desktop\пора сдать лабы\lab 2 c\lr2\windraw.c(117): warning C4047: инициализация: "HINSTANCE" отличается по уровням косвенного обращения от "LONG_PTR"
c:\users\2012\desktop\пора сдать лабы\lab 2 c\lr2\windraw.c(301): warning C4020: draw_face_wire: слишком много фактических параметров
c:\users\2012\desktop\пора сдать лабы\lab 2 c\lr2\windraw.c(311): warning C4047: функция: "HBRUSH" отличается по уровням косвенного обращения от "int"
c:\users\2012\desktop\пора сдать лабы\lab 2 c\lr2\windraw.c(311): warning C4024: FillRect: различные типы для формального и фактического параметров 3
c:\users\2012\desktop\пора сдать лабы\lab 2 c\lr2\windraw.c(316): warning C4267: инициализация: преобразование из "size_t" в "int"; возможна потеря данных
  wintimer.c
  Создание кода...
  LR2.vcxproj -> C:\Users\2012\Desktop\пора сдать лабы\lab 2 C\LR2\x64\Debug\LR2.exe
